<?xml version="1.0" encoding="UTF-8"?>
<!-- Generated by org.testng.reporters.JUnitReportReporter -->
<testsuite hostname="DESKTOP-HNSA84M" name="mavenPractice1.Sel1Test" tests="2" failures="0" timestamp="19 Apr 2022 20:50:28 GMT" time="0.002" errors="0">
  <testcase name="Test1" time="0.001" classname="mavenPractice1.Sel1Test"/>
  <testcase name="Test2" time="0.001" classname="mavenPractice1.Sel1Test"/>
</testsuite> <!-- mavenPractice1.Sel1Test -->
