<?xml version="1.0" encoding="UTF-8"?>
<!-- Generated by org.testng.reporters.JUnitReportReporter -->
<testsuite hostname="DESKTOP-HNSA84M" name="mavenPractice1.Sel3Test" tests="2" failures="0" timestamp="19 Apr 2022 20:50:28 GMT" time="0.022" errors="0">
  <testcase name="TestD" time="0.002" classname="mavenPractice1.Sel3Test"/>
  <testcase name="TestC" time="0.020" classname="mavenPractice1.Sel3Test"/>
</testsuite> <!-- mavenPractice1.Sel3Test -->
