<?xml version="1.0" encoding="UTF-8"?>
<!-- Generated by org.testng.reporters.JUnitReportReporter -->
<testsuite hostname="DESKTOP-HNSA84M" name="mavenPractice1.Sel2Test" tests="2" failures="0" timestamp="19 Apr 2022 20:51:12 GMT" time="0.017" errors="0">
  <testcase name="TestA" time="0.014" classname="mavenPractice1.Sel2Test"/>
  <testcase name="TestB" time="0.003" classname="mavenPractice1.Sel2Test"/>
</testsuite> <!-- mavenPractice1.Sel2Test -->
